Debug|Reading config...
Debug|Reading referenced images from 'C:\Users\ruico\Desktop\GAS\GASfBranco'
Trace|Loading images for 2 'Background'
Trace|Loading images for 2.1 'Image'
Trace|Loading image 0...
Trace|Image was loaded from file C:\Users\ruico\Desktop\GAS\GASfBranco\000.png
Warn|Dithering applied for an image. Resource in watch face will use only supported colors. You can't get back original image by unpacking watch face.
Trace|Loading images for 3 'Time'
Trace|Loading images for 3.1 'TwoDigits'
Trace|Loading images for 3.1.1 'ImageSet'
Trace|Loading image 1...
Trace|Image was loaded from file C:\Users\ruico\Desktop\GAS\GASfBranco\001.png
Trace|Loading image 2...
Trace|Image was loaded from file C:\Users\ruico\Desktop\GAS\GASfBranco\002.png
Trace|Loading image 3...
Trace|Image was loaded from file C:\Users\ruico\Desktop\GAS\GASfBranco\003.png
Trace|Loading image 4...
Trace|Image was loaded from file C:\Users\ruico\Desktop\GAS\GASfBranco\004.png
Trace|Loading image 5...
Trace|Image was loaded from file C:\Users\ruico\Desktop\GAS\GASfBranco\005.png
Trace|Loading image 6...
Trace|Image was loaded from file C:\Users\ruico\Desktop\GAS\GASfBranco\006.png
Trace|Loading image 7...
Trace|Image was loaded from file C:\Users\ruico\Desktop\GAS\GASfBranco\007.png
Trace|Loading image 8...
Trace|Image was loaded from file C:\Users\ruico\Desktop\GAS\GASfBranco\008.png
Trace|Loading image 9...
Trace|Image was loaded from file C:\Users\ruico\Desktop\GAS\GASfBranco\009.png
Trace|Loading image 10...
Trace|Image was loaded from file C:\Users\ruico\Desktop\GAS\GASfBranco\010.png
Trace|Loading images for 3.1.2 'ImageSet'
Trace|Loading images for 3.2 'TwoDigits'
Trace|Loading images for 3.2.1 'ImageSet'
Trace|Loading image 11...
Trace|Image was loaded from file C:\Users\ruico\Desktop\GAS\GASfBranco\011.png
Trace|Loading image 12...
Trace|Image was loaded from file C:\Users\ruico\Desktop\GAS\GASfBranco\012.png
Trace|Loading image 13...
Trace|Image was loaded from file C:\Users\ruico\Desktop\GAS\GASfBranco\013.png
Trace|Loading image 14...
Trace|Image was loaded from file C:\Users\ruico\Desktop\GAS\GASfBranco\014.png
Trace|Loading image 15...
Trace|Image was loaded from file C:\Users\ruico\Desktop\GAS\GASfBranco\015.png
Trace|Loading image 16...
Trace|Image was loaded from file C:\Users\ruico\Desktop\GAS\GASfBranco\016.png
Trace|Loading image 17...
Trace|Image was loaded from file C:\Users\ruico\Desktop\GAS\GASfBranco\017.png
Trace|Loading image 18...
Trace|Image was loaded from file C:\Users\ruico\Desktop\GAS\GASfBranco\018.png
Trace|Loading image 19...
Trace|Image was loaded from file C:\Users\ruico\Desktop\GAS\GASfBranco\019.png
Trace|Loading image 20...
Trace|Image was loaded from file C:\Users\ruico\Desktop\GAS\GASfBranco\020.png
Trace|Loading images for 3.2.2 'ImageSet'
Trace|Loading image 21...
Trace|Image was loaded from file C:\Users\ruico\Desktop\GAS\GASfBranco\021.png
Warn|Dithering applied for an image. Resource in watch face will use only supported colors. You can't get back original image by unpacking watch face.
Trace|Loading image 22...
Trace|Image was loaded from file C:\Users\ruico\Desktop\GAS\GASfBranco\022.png
Warn|Dithering applied for an image. Resource in watch face will use only supported colors. You can't get back original image by unpacking watch face.
Trace|Loading image 23...
Trace|Image was loaded from file C:\Users\ruico\Desktop\GAS\GASfBranco\023.png
Warn|Dithering applied for an image. Resource in watch face will use only supported colors. You can't get back original image by unpacking watch face.
Trace|Loading image 24...
Trace|Image was loaded from file C:\Users\ruico\Desktop\GAS\GASfBranco\024.png
Warn|Dithering applied for an image. Resource in watch face will use only supported colors. You can't get back original image by unpacking watch face.
Trace|Loading image 25...
Trace|Image was loaded from file C:\Users\ruico\Desktop\GAS\GASfBranco\025.png
Warn|Dithering applied for an image. Resource in watch face will use only supported colors. You can't get back original image by unpacking watch face.
Trace|Loading image 26...
Trace|Image was loaded from file C:\Users\ruico\Desktop\GAS\GASfBranco\026.png
Warn|Dithering applied for an image. Resource in watch face will use only supported colors. You can't get back original image by unpacking watch face.
Trace|Loading image 27...
Trace|Image was loaded from file C:\Users\ruico\Desktop\GAS\GASfBranco\027.png
Warn|Dithering applied for an image. Resource in watch face will use only supported colors. You can't get back original image by unpacking watch face.
Trace|Loading image 28...
Trace|Image was loaded from file C:\Users\ruico\Desktop\GAS\GASfBranco\028.png
Warn|Dithering applied for an image. Resource in watch face will use only supported colors. You can't get back original image by unpacking watch face.
Trace|Loading image 29...
Trace|Image was loaded from file C:\Users\ruico\Desktop\GAS\GASfBranco\029.png
Warn|Dithering applied for an image. Resource in watch face will use only supported colors. You can't get back original image by unpacking watch face.
Trace|Loading image 30...
Trace|Image was loaded from file C:\Users\ruico\Desktop\GAS\GASfBranco\030.png
Warn|Dithering applied for an image. Resource in watch face will use only supported colors. You can't get back original image by unpacking watch face.
Trace|Loading images for 4 'Activity'
Trace|Loading images for 4.1 'Number'
Trace|Loading images for 4.1.5 'TextAlignment'
Trace|Loading image 31...
Trace|Image was loaded from file C:\Users\ruico\Desktop\GAS\GASfBranco\031.png
Trace|Loading image 32...
Trace|Image was loaded from file C:\Users\ruico\Desktop\GAS\GASfBranco\032.png
Trace|Loading image 33...
Trace|Image was loaded from file C:\Users\ruico\Desktop\GAS\GASfBranco\033.png
Trace|Loading image 34...
Trace|Image was loaded from file C:\Users\ruico\Desktop\GAS\GASfBranco\034.png
Trace|Loading image 35...
Trace|Image was loaded from file C:\Users\ruico\Desktop\GAS\GASfBranco\035.png
Trace|Loading image 36...
Trace|Image was loaded from file C:\Users\ruico\Desktop\GAS\GASfBranco\036.png
Trace|Loading image 37...
Trace|Image was loaded from file C:\Users\ruico\Desktop\GAS\GASfBranco\037.png
Trace|Loading image 38...
Trace|Image was loaded from file C:\Users\ruico\Desktop\GAS\GASfBranco\038.png
Trace|Loading image 39...
Trace|Image was loaded from file C:\Users\ruico\Desktop\GAS\GASfBranco\039.png
Trace|Loading image 40...
Trace|Image was loaded from file C:\Users\ruico\Desktop\GAS\GASfBranco\040.png
Trace|Loading images for 5 'Date'
Trace|Loading images for 5.1 'MonthAndDay'
Trace|Loading images for 5.1.1 'SeparateMonthAndDay'
Trace|Loading images for 5.1.1.1 'Number'
Trace|Loading images for 5.1.1.1.5 'TextAlignment'
Trace|Loading image 41...
Trace|Image was loaded from file C:\Users\ruico\Desktop\GAS\GASfBranco\043.png
Trace|Loading image 42...
Trace|Image was loaded from file C:\Users\ruico\Desktop\GAS\GASfBranco\044.png
Trace|Loading image 43...
Trace|Image was loaded from file C:\Users\ruico\Desktop\GAS\GASfBranco\045.png
Trace|Loading image 44...
Trace|Image was loaded from file C:\Users\ruico\Desktop\GAS\GASfBranco\046.png
Trace|Loading image 45...
Trace|Image was loaded from file C:\Users\ruico\Desktop\GAS\GASfBranco\047.png
Trace|Loading image 46...
Trace|Image was loaded from file C:\Users\ruico\Desktop\GAS\GASfBranco\048.png
Trace|Loading image 47...
Trace|Image was loaded from file C:\Users\ruico\Desktop\GAS\GASfBranco\049.png
Trace|Loading image 48...
Trace|Image was loaded from file C:\Users\ruico\Desktop\GAS\GASfBranco\050.png
Trace|Loading image 49...
Trace|Image was loaded from file C:\Users\ruico\Desktop\GAS\GASfBranco\051.png
Trace|Loading image 50...
Trace|Image was loaded from file C:\Users\ruico\Desktop\GAS\GASfBranco\052.png
Trace|Loading images for 5.1.1.3 'Number'
Trace|Loading images for 5.1.1.3.5 'TextAlignment'
Trace|Loading images for 5.1.3 'Boolean'
Trace|Loading images for 5.1.4 'Boolean'
Trace|Loading images for 5.2 'ImageSet'
Trace|Loading image 51...
Trace|Image was loaded from file C:\Users\ruico\Desktop\GAS\GASfBranco\053.png
Warn|Dithering applied for an image. Resource in watch face will use only supported colors. You can't get back original image by unpacking watch face.
Trace|Loading image 52...
Trace|Image was loaded from file C:\Users\ruico\Desktop\GAS\GASfBranco\054.png
Warn|Dithering applied for an image. Resource in watch face will use only supported colors. You can't get back original image by unpacking watch face.
Trace|Loading image 53...
Trace|Image was loaded from file C:\Users\ruico\Desktop\GAS\GASfBranco\055.png
Warn|Dithering applied for an image. Resource in watch face will use only supported colors. You can't get back original image by unpacking watch face.
Trace|Loading image 54...
Trace|Image was loaded from file C:\Users\ruico\Desktop\GAS\GASfBranco\056.png
Warn|Dithering applied for an image. Resource in watch face will use only supported colors. You can't get back original image by unpacking watch face.
Trace|Loading image 55...
Trace|Image was loaded from file C:\Users\ruico\Desktop\GAS\GASfBranco\057.png
Warn|Dithering applied for an image. Resource in watch face will use only supported colors. You can't get back original image by unpacking watch face.
Trace|Loading image 56...
Trace|Image was loaded from file C:\Users\ruico\Desktop\GAS\GASfBranco\058.png
Warn|Dithering applied for an image. Resource in watch face will use only supported colors. You can't get back original image by unpacking watch face.
Trace|Loading image 57...
Trace|Image was loaded from file C:\Users\ruico\Desktop\GAS\GASfBranco\059.png
Warn|Dithering applied for an image. Resource in watch face will use only supported colors. You can't get back original image by unpacking watch face.
Trace|Loading images for 8 'Status'
Trace|Loading images for 8.1 'Switch'
Trace|Loading images for 8.1.1 'Coordinates'
Trace|Loading image 58...
Trace|Image was loaded from file C:\Users\ruico\Desktop\GAS\GASfBranco\060.png
Trace|Loading image 59...
Trace|Image was loaded from file C:\Users\ruico\Desktop\GAS\GASfBranco\061.png
Trace|Loading images for 8.2 'Switch'
Trace|Loading images for 8.2.1 'Coordinates'
Trace|Loading image 60...
Trace|Image was loaded from file C:\Users\ruico\Desktop\GAS\GASfBranco\062.png
Trace|Loading images for 8.4 'Switch'
Trace|Loading images for 8.4.1 'Coordinates'
Trace|Loading image 61...
Trace|Image was loaded from file C:\Users\ruico\Desktop\GAS\GASfBranco\063.png
Trace|Loading images for 9 'Battery'
Trace|Loading images for 9.1 'Number'
Trace|Loading images for 9.1.5 'TextAlignment'
Trace|Loading image 62...
Trace|Image was loaded from file C:\Users\ruico\Desktop\GAS\GASfBranco\064.png
Trace|Loading image 63...
Trace|Image was loaded from file C:\Users\ruico\Desktop\GAS\GASfBranco\065.png
Trace|Loading image 64...
Trace|Image was loaded from file C:\Users\ruico\Desktop\GAS\GASfBranco\066.png
Trace|Loading image 65...
Trace|Image was loaded from file C:\Users\ruico\Desktop\GAS\GASfBranco\067.png
Trace|Loading image 66...
Trace|Image was loaded from file C:\Users\ruico\Desktop\GAS\GASfBranco\068.png
Trace|Loading image 67...
Trace|Image was loaded from file C:\Users\ruico\Desktop\GAS\GASfBranco\069.png
Trace|Loading image 68...
Trace|Image was loaded from file C:\Users\ruico\Desktop\GAS\GASfBranco\070.png
Trace|Loading image 69...
Trace|Image was loaded from file C:\Users\ruico\Desktop\GAS\GASfBranco\071.png
Trace|Loading image 70...
Trace|Image was loaded from file C:\Users\ruico\Desktop\GAS\GASfBranco\072.png
Trace|Loading image 71...
Trace|Image was loaded from file C:\Users\ruico\Desktop\GAS\GASfBranco\073.png
Trace|Loading images for 9.2 'ImageSet'
Trace|Loading image 72...
Trace|Image was loaded from file C:\Users\ruico\Desktop\GAS\GASfBranco\074.png
Trace|Loading image 73...
Trace|Image was loaded from file C:\Users\ruico\Desktop\GAS\GASfBranco\075.png
Trace|Loading image 74...
Trace|Image was loaded from file C:\Users\ruico\Desktop\GAS\GASfBranco\076.png
Trace|Loading image 75...
Trace|Image was loaded from file C:\Users\ruico\Desktop\GAS\GASfBranco\077.png
Trace|Loading image 76...
Trace|Image was loaded from file C:\Users\ruico\Desktop\GAS\GASfBranco\078.png
Trace|Loading image 77...
Trace|Image was loaded from file C:\Users\ruico\Desktop\GAS\GASfBranco\079.png
Trace|Building parameters for watch face...
Trace|2 'Background'
Trace|2.1 'Image'
Trace|2.1.1 'X': 0
Trace|2.1.2 'Y': 0
Trace|2.1.3 'ImageIndex': 0
Trace|3 'Time'
Trace|3.1 'TwoDigits'
Trace|3.1.1 'ImageSet'
Trace|3.1.1.1 'X': 4
Trace|3.1.1.2 'Y': 18
Trace|3.1.1.3 'ImageIndex': 1
Trace|3.1.1.4 'ImagesCount': 10
Trace|3.1.2 'ImageSet'
Trace|3.1.2.1 'X': 26
Trace|3.1.2.2 'Y': 18
Trace|3.1.2.3 'ImageIndex': 1
Trace|3.1.2.4 'ImagesCount': 10
Trace|3.2 'TwoDigits'
Trace|3.2.1 'ImageSet'
Trace|3.2.1.1 'X': 3
Trace|3.2.1.2 'Y': 73
Trace|3.2.1.3 'ImageIndex': 11
Trace|3.2.1.4 'ImagesCount': 10
Trace|3.2.2 'ImageSet'
Trace|3.2.2.1 'X': 1
Trace|3.2.2.2 'Y': 0
Trace|3.2.2.3 'ImageIndex': 21
Trace|3.2.2.4 'ImagesCount': 10
Trace|4 'Activity'
Trace|4.1 'Number'
Trace|4.1.1 'TopLeftX': 2
Trace|4.1.2 'TopLeftY': 157
Trace|4.1.3 'BottomRightX': 44
Trace|4.1.4 'BottomRightY': 166
Trace|4.1.5 'Alignment': 18
Trace|4.1.6 'Spacing': 2
Trace|4.1.7 'ImageIndex': 31
Trace|4.1.8 'ImagesCount': 10
Trace|5 'Date'
Trace|5.1 'MonthAndDay'
Trace|5.1.1 'SeparateMonthAndDay'
Trace|5.1.1.1 'Number'
Trace|5.1.1.1.1 'TopLeftX': 76
Trace|5.1.1.1.2 'TopLeftY': 4
Trace|5.1.1.1.3 'BottomRightX': 91
Trace|5.1.1.1.4 'BottomRightY': 13
Trace|5.1.1.1.5 'Alignment': 18
Trace|5.1.1.1.6 'Spacing': 2
Trace|5.1.1.1.7 'ImageIndex': 41
Trace|5.1.1.1.8 'ImagesCount': 10
Trace|5.1.1.3 'Number'
Trace|5.1.1.3.1 'TopLeftX': 55
Trace|5.1.1.3.2 'TopLeftY': 4
Trace|5.1.1.3.3 'BottomRightX': 70
Trace|5.1.1.3.4 'BottomRightY': 13
Trace|5.1.1.3.5 'Alignment': 18
Trace|5.1.1.3.6 'Spacing': 2
Trace|5.1.1.3.7 'ImageIndex': 31
Trace|5.1.1.3.8 'ImagesCount': 10
Trace|5.1.3 'TwoDigitsMonth': 1
Trace|5.1.4 'TwoDigitsDay': 1
Trace|5.2 'ImageSet'
Trace|5.2.1 'X': 122
Trace|5.2.2 'Y': 1
Trace|5.2.3 'ImageIndex': 51
Trace|5.2.4 'ImagesCount': 7
Trace|8 'Status'
Trace|8.1 'Switch'
Trace|8.1.1 'Coordinates'
Trace|8.1.1.1 'X': 159
Trace|8.1.1.2 'Y': 4
Trace|8.1.2 'ImageIndexOn': 58
Trace|8.1.3 'ImageIndexOff': 59
Trace|8.2 'Switch'
Trace|8.2.1 'Coordinates'
Trace|8.2.1.1 'X': 2
Trace|8.2.1.2 'Y': 121
Trace|8.2.2 'ImageIndexOn': 60
Trace|8.4 'Switch'
Trace|8.4.1 'Coordinates'
Trace|8.4.1.1 'X': 15
Trace|8.4.1.2 'Y': 121
Trace|8.4.2 'ImageIndexOn': 61
Trace|9 'Battery'
Trace|9.1 'Number'
Trace|9.1.1 'TopLeftX': 0
Trace|9.1.2 'TopLeftY': 2
Trace|9.1.3 'BottomRightX': 19
Trace|9.1.4 'BottomRightY': 11
Trace|9.1.5 'Alignment': 20
Trace|9.1.6 'Spacing': 1
Trace|9.1.7 'ImageIndex': 62
Trace|9.1.8 'ImagesCount': 10
Trace|9.2 'ImageSet'
Trace|9.2.1 'X': 22
Trace|9.2.2 'Y': 2
Trace|9.2.3 'ImageIndex': 72
Trace|9.2.4 'ImagesCount': 6
Debug|Generating preview...
Debug|Writing watch face to 'C:\Users\ruico\Desktop\GAS\GASfBranco\GASfBranco_packed.bin'
Trace|Encoding parameters...
Trace|Parameter: 2
Trace|1 (0A):
Trace|    1 (08): 0 (00)
Trace|    2 (10): 0 (00)
Trace|    3 (18): 0 (00)
Trace|8 bytes
Trace|Parameter: 3
Trace|1 (0A):
Trace|    1 (0A):
Trace|        1 (08): 4 (04)
Trace|        2 (10): 18 (12)
Trace|        3 (18): 1 (01)
Trace|        4 (20): 10 (0A)
Trace|    10 bytes
Trace|    2 (12):
Trace|        1 (08): 26 (1A)
Trace|        2 (10): 18 (12)
Trace|        3 (18): 1 (01)
Trace|        4 (20): 10 (0A)
Trace|    10 bytes
Trace|22 bytes
Trace|2 (12):
Trace|    1 (0A):
Trace|        1 (08): 3 (03)
Trace|        2 (10): 73 (49)
Trace|        3 (18): 11 (0B)
Trace|        4 (20): 10 (0A)
Trace|    10 bytes
Trace|    2 (12):
Trace|        1 (08): 1 (01)
Trace|        2 (10): 0 (00)
Trace|        3 (18): 21 (15)
Trace|        4 (20): 10 (0A)
Trace|    10 bytes
Trace|22 bytes
Trace|Parameter: 4
Trace|1 (0A):
Trace|    1 (08): 2 (02)
Trace|    2 (10): 157 (9D)
Trace|    3 (18): 44 (2C)
Trace|    4 (20): 166 (A6)
Trace|    5 (28): 18 (12)
Trace|    6 (30): 2 (02)
Trace|    7 (38): 31 (1F)
Trace|    8 (40): 10 (0A)
Trace|20 bytes
Trace|Parameter: 5
Trace|1 (0A):
Trace|    1 (0A):
Trace|        1 (0A):
Trace|            1 (08): 76 (4C)
Trace|            2 (10): 4 (04)
Trace|            3 (18): 91 (5B)
Trace|            4 (20): 13 (0D)
Trace|            5 (28): 18 (12)
Trace|            6 (30): 2 (02)
Trace|            7 (38): 41 (29)
Trace|            8 (40): 10 (0A)
Trace|        18 bytes
Trace|        3 (1A):
Trace|            1 (08): 55 (37)
Trace|            2 (10): 4 (04)
Trace|            3 (18): 70 (46)
Trace|            4 (20): 13 (0D)
Trace|            5 (28): 18 (12)
Trace|            6 (30): 2 (02)
Trace|            7 (38): 31 (1F)
Trace|            8 (40): 10 (0A)
Trace|        18 bytes
Trace|    38 bytes
Trace|    3 (18): 1 (01)
Trace|    4 (20): 1 (01)
Trace|44 bytes
Trace|2 (12):
Trace|    1 (08): 122 (7A)
Trace|    2 (10): 1 (01)
Trace|    3 (18): 51 (33)
Trace|    4 (20): 7 (07)
Trace|10 bytes
Trace|Parameter: 8
Trace|1 (0A):
Trace|    1 (0A):
Trace|        1 (08): 159 (9F)
Trace|        2 (10): 4 (04)
Trace|    7 bytes
Trace|    2 (10): 58 (3A)
Trace|    3 (18): 59 (3B)
Trace|13 bytes
Trace|2 (12):
Trace|    1 (0A):
Trace|        1 (08): 2 (02)
Trace|        2 (10): 121 (79)
Trace|    6 bytes
Trace|    2 (10): 60 (3C)
Trace|10 bytes
Trace|4 (22):
Trace|    1 (0A):
Trace|        1 (08): 15 (0F)
Trace|        2 (10): 121 (79)
Trace|    6 bytes
Trace|    2 (10): 61 (3D)
Trace|10 bytes
Trace|Parameter: 9
Trace|1 (0A):
Trace|    1 (08): 0 (00)
Trace|    2 (10): 2 (02)
Trace|    3 (18): 19 (13)
Trace|    4 (20): 11 (0B)
Trace|    5 (28): 20 (14)
Trace|    6 (30): 1 (01)
Trace|    7 (38): 62 (3E)
Trace|    8 (40): 10 (0A)
Trace|18 bytes
Trace|2 (12):
Trace|    1 (08): 22 (16)
Trace|    2 (10): 2 (02)
Trace|    3 (18): 72 (48)
Trace|    4 (20): 6 (06)
Trace|10 bytes
Trace|Encoding offsets and lengths...
Trace|1 (0A):
Trace|    1 (08): 187 (BB)
Trace|    2 (10): 78 (4E)
Trace|7 bytes
Trace|2 (12):
Trace|    1 (08): 0 (00)
Trace|    2 (10): 8 (08)
Trace|6 bytes
Trace|3 (1A):
Trace|    1 (08): 8 (08)
Trace|    2 (10): 44 (2C)
Trace|6 bytes
Trace|4 (22):
Trace|    1 (08): 52 (34)
Trace|    2 (10): 20 (14)
Trace|6 bytes
Trace|5 (2A):
Trace|    1 (08): 72 (48)
Trace|    2 (10): 54 (36)
Trace|6 bytes
Trace|8 (42):
Trace|    1 (08): 126 (7E)
Trace|    2 (10): 33 (21)
Trace|6 bytes
Trace|9 (4A):
Trace|    1 (08): 159 (9F)
Trace|    2 (10): 28 (1C)
Trace|7 bytes
Trace|Writing header...
Trace|Writing parameters offsets and lengths...
Trace|Writing parameters...
Trace|Writing images...
Trace|Image 0 offset is 0...
Debug|Encoding image 0...
Trace|Extracting palette...
Trace|Palette item 0: R FF, G FF, B FF
Trace|Palette item 1: R 00, G 00, B 00
Trace|Palette item 2: R FF, G 00, B 00
Trace|Palette item 3: R 00, G FF, B FF
Trace|Palette item 4: R FF, G FF, B 00
Trace|Palette item 5: R 00, G 00, B FF
Trace|Palette item 6: R FF, G 00, B FF
Trace|Writing image header...
Trace|Width: 176, Height: 176, RowLength: 88
Trace|BPP: 4, PaletteColors: 7, Transaparency: 0
Trace|Writing palette...
Trace|Writing image...
Trace|Image 1 offset is 15532...
Debug|Encoding image 1...
Trace|Extracting palette...
Trace|Palette item 0: R FF, G FF, B FF
Trace|Palette item 1: R 00, G 00, B 00
Trace|Writing image header...
Trace|Width: 18, Height: 40, RowLength: 3
Trace|BPP: 1, PaletteColors: 2, Transaparency: 0
Trace|Writing palette...
Trace|Writing image...
Trace|Image 2 offset is 15676...
Debug|Encoding image 2...
Trace|Extracting palette...
Trace|Palette item 0: R FF, G FF, B FF
Trace|Palette item 1: R 00, G 00, B 00
Trace|Writing image header...
Trace|Width: 18, Height: 40, RowLength: 3
Trace|BPP: 1, PaletteColors: 2, Transaparency: 0
Trace|Writing palette...
Trace|Writing image...
Trace|Image 3 offset is 15820...
Debug|Encoding image 3...
Trace|Extracting palette...
Trace|Palette item 0: R FF, G FF, B FF
Trace|Palette item 1: R 00, G 00, B 00
Trace|Writing image header...
Trace|Width: 18, Height: 40, RowLength: 3
Trace|BPP: 1, PaletteColors: 2, Transaparency: 0
Trace|Writing palette...
Trace|Writing image...
Trace|Image 4 offset is 15964...
Debug|Encoding image 4...
Trace|Extracting palette...
Trace|Palette item 0: R FF, G FF, B FF
Trace|Palette item 1: R 00, G 00, B 00
Trace|Writing image header...
Trace|Width: 18, Height: 40, RowLength: 3
Trace|BPP: 1, PaletteColors: 2, Transaparency: 0
Trace|Writing palette...
Trace|Writing image...
Trace|Image 5 offset is 16108...
Debug|Encoding image 5...
Trace|Extracting palette...
Trace|Palette item 0: R FF, G FF, B FF
Trace|Palette item 1: R 00, G 00, B 00
Trace|Writing image header...
Trace|Width: 18, Height: 40, RowLength: 3
Trace|BPP: 1, PaletteColors: 2, Transaparency: 0
Trace|Writing palette...
Trace|Writing image...
Trace|Image 6 offset is 16252...
Debug|Encoding image 6...
Trace|Extracting palette...
Trace|Palette item 0: R 00, G 00, B 00
Trace|Palette item 1: R FF, G FF, B FF
Trace|Writing image header...
Trace|Width: 18, Height: 40, RowLength: 3
Trace|BPP: 1, PaletteColors: 2, Transaparency: 0
Trace|Writing palette...
Trace|Writing image...
Trace|Image 7 offset is 16396...
Debug|Encoding image 7...
Trace|Extracting palette...
Trace|Palette item 0: R FF, G FF, B FF
Trace|Palette item 1: R 00, G 00, B 00
Trace|Writing image header...
Trace|Width: 18, Height: 40, RowLength: 3
Trace|BPP: 1, PaletteColors: 2, Transaparency: 0
Trace|Writing palette...
Trace|Writing image...
Trace|Image 8 offset is 16540...
Debug|Encoding image 8...
Trace|Extracting palette...
Trace|Palette item 0: R 00, G 00, B 00
Trace|Palette item 1: R FF, G FF, B FF
Trace|Writing image header...
Trace|Width: 18, Height: 40, RowLength: 3
Trace|BPP: 1, PaletteColors: 2, Transaparency: 0
Trace|Writing palette...
Trace|Writing image...
Trace|Image 9 offset is 16684...
Debug|Encoding image 9...
Trace|Extracting palette...
Trace|Palette item 0: R FF, G FF, B FF
Trace|Palette item 1: R 00, G 00, B 00
Trace|Writing image header...
Trace|Width: 18, Height: 40, RowLength: 3
Trace|BPP: 1, PaletteColors: 2, Transaparency: 0
Trace|Writing palette...
Trace|Writing image...
Trace|Image 10 offset is 16828...
Debug|Encoding image 10...
Trace|Extracting palette...
Trace|Palette item 0: R FF, G FF, B FF
Trace|Palette item 1: R 00, G 00, B 00
Trace|Writing image header...
Trace|Width: 18, Height: 40, RowLength: 3
Trace|BPP: 1, PaletteColors: 2, Transaparency: 0
Trace|Writing palette...
Trace|Writing image...
Trace|Image 11 offset is 16972...
Debug|Encoding image 11...
Trace|Extracting palette...
Trace|Palette item 0: R FF, G FF, B FF
Trace|Palette item 1: R 00, G 00, B FF
Trace|Writing image header...
Trace|Width: 18, Height: 40, RowLength: 3
Trace|BPP: 1, PaletteColors: 2, Transaparency: 0
Trace|Writing palette...
Trace|Writing image...
Trace|Image 12 offset is 17116...
Debug|Encoding image 12...
Trace|Extracting palette...
Trace|Palette item 0: R FF, G FF, B FF
Trace|Palette item 1: R 00, G 00, B FF
Trace|Writing image header...
Trace|Width: 18, Height: 40, RowLength: 3
Trace|BPP: 1, PaletteColors: 2, Transaparency: 0
Trace|Writing palette...
Trace|Writing image...
Trace|Image 13 offset is 17260...
Debug|Encoding image 13...
Trace|Extracting palette...
Trace|Palette item 0: R FF, G FF, B FF
Trace|Palette item 1: R 00, G 00, B FF
Trace|Writing image header...
Trace|Width: 18, Height: 40, RowLength: 3
Trace|BPP: 1, PaletteColors: 2, Transaparency: 0
Trace|Writing palette...
Trace|Writing image...
Trace|Image 14 offset is 17404...
Debug|Encoding image 14...
Trace|Extracting palette...
Trace|Palette item 0: R FF, G FF, B FF
Trace|Palette item 1: R 00, G 00, B FF
Trace|Writing image header...
Trace|Width: 18, Height: 40, RowLength: 3
Trace|BPP: 1, PaletteColors: 2, Transaparency: 0
Trace|Writing palette...
Trace|Writing image...
Trace|Image 15 offset is 17548...
Debug|Encoding image 15...
Trace|Extracting palette...
Trace|Palette item 0: R FF, G FF, B FF
Trace|Palette item 1: R 00, G 00, B FF
Trace|Writing image header...
Trace|Width: 18, Height: 40, RowLength: 3
Trace|BPP: 1, PaletteColors: 2, Transaparency: 0
Trace|Writing palette...
Trace|Writing image...
Trace|Image 16 offset is 17692...
Debug|Encoding image 16...
Trace|Extracting palette...
Trace|Palette item 0: R 00, G 00, B FF
Trace|Palette item 1: R FF, G FF, B FF
Trace|Writing image header...
Trace|Width: 18, Height: 40, RowLength: 3
Trace|BPP: 1, PaletteColors: 2, Transaparency: 0
Trace|Writing palette...
Trace|Writing image...
Trace|Image 17 offset is 17836...
Debug|Encoding image 17...
Trace|Extracting palette...
Trace|Palette item 0: R FF, G FF, B FF
Trace|Palette item 1: R 00, G 00, B FF
Trace|Writing image header...
Trace|Width: 18, Height: 40, RowLength: 3
Trace|BPP: 1, PaletteColors: 2, Transaparency: 0
Trace|Writing palette...
Trace|Writing image...
Trace|Image 18 offset is 17980...
Debug|Encoding image 18...
Trace|Extracting palette...
Trace|Palette item 0: R 00, G 00, B FF
Trace|Palette item 1: R FF, G FF, B FF
Trace|Writing image header...
Trace|Width: 18, Height: 40, RowLength: 3
Trace|BPP: 1, PaletteColors: 2, Transaparency: 0
Trace|Writing palette...
Trace|Writing image...
Trace|Image 19 offset is 18124...
Debug|Encoding image 19...
Trace|Extracting palette...
Trace|Palette item 0: R FF, G FF, B FF
Trace|Palette item 1: R 00, G 00, B FF
Trace|Writing image header...
Trace|Width: 18, Height: 40, RowLength: 3
Trace|BPP: 1, PaletteColors: 2, Transaparency: 0
Trace|Writing palette...
Trace|Writing image...
Trace|Image 20 offset is 18268...
Debug|Encoding image 20...
Trace|Extracting palette...
Trace|Palette item 0: R FF, G FF, B FF
Trace|Palette item 1: R 00, G 00, B FF
Trace|Writing image header...
Trace|Width: 18, Height: 40, RowLength: 3
Trace|BPP: 1, PaletteColors: 2, Transaparency: 0
Trace|Writing palette...
Trace|Writing image...
Trace|Image 21 offset is 18412...
Debug|Encoding image 21...
Trace|Extracting palette...
Trace|Palette item 0: R 00, G 00, B 00, Transaparent color
Trace|Palette item 1: R FF, G FF, B 00
Trace|Palette item 2: R FF, G 00, B FF
Trace|Palette item 3: R FF, G FF, B FF
Trace|Palette item 4: R FF, G 00, B 00
Trace|Palette item 5: R 00, G FF, B FF
Trace|Palette item 6: R 00, G FF, B 00
Trace|Palette item 7: R 00, G 00, B FF
Trace|Palette item 8: R 00, G 00, B 00
Trace|Writing image header...
Trace|Width: 176, Height: 176, RowLength: 88
Trace|BPP: 4, PaletteColors: 9, Transaparency: 1
Trace|Writing palette...
Trace|Writing image...
Trace|Image 22 offset is 33952...
Debug|Encoding image 22...
Trace|Extracting palette...
Trace|Palette item 0: R 00, G 00, B 00, Transaparent color
Trace|Palette item 1: R FF, G FF, B FF
Trace|Palette item 2: R 00, G FF, B FF
Trace|Palette item 3: R 00, G FF, B 00
Trace|Palette item 4: R 00, G 00, B 00
Trace|Palette item 5: R FF, G FF, B 00
Trace|Palette item 6: R FF, G 00, B 00
Trace|Palette item 7: R FF, G 00, B FF
Trace|Palette item 8: R 00, G 00, B FF
Trace|Writing image header...
Trace|Width: 176, Height: 176, RowLength: 88
Trace|BPP: 4, PaletteColors: 9, Transaparency: 1
Trace|Writing palette...
Trace|Writing image...
Trace|Image 23 offset is 49492...
Debug|Encoding image 23...
Trace|Extracting palette...
Trace|Palette item 0: R 00, G 00, B 00, Transaparent color
Trace|Palette item 1: R 00, G 00, B 00
Trace|Palette item 2: R FF, G FF, B 00
Trace|Palette item 3: R FF, G 00, B 00
Trace|Palette item 4: R FF, G FF, B FF
Trace|Palette item 5: R 00, G FF, B FF
Trace|Palette item 6: R 00, G FF, B 00
Trace|Palette item 7: R FF, G 00, B FF
Trace|Palette item 8: R 00, G 00, B FF
Trace|Writing image header...
Trace|Width: 176, Height: 176, RowLength: 88
Trace|BPP: 4, PaletteColors: 9, Transaparency: 1
Trace|Writing palette...
Trace|Writing image...
Trace|Image 24 offset is 65032...
Debug|Encoding image 24...
Trace|Extracting palette...
Trace|Palette item 0: R 00, G 00, B 00, Transaparent color
Trace|Palette item 1: R 00, G 00, B 00
Trace|Palette item 2: R FF, G 00, B 00
Trace|Palette item 3: R 00, G FF, B 00
Trace|Palette item 4: R FF, G FF, B 00
Trace|Palette item 5: R 00, G 00, B FF
Trace|Palette item 6: R FF, G 00, B FF
Trace|Palette item 7: R 00, G FF, B FF
Trace|Palette item 8: R FF, G FF, B FF
Trace|Writing image header...
Trace|Width: 176, Height: 176, RowLength: 88
Trace|BPP: 4, PaletteColors: 9, Transaparency: 1
Trace|Writing palette...
Trace|Writing image...
Trace|Image 25 offset is 80572...
Debug|Encoding image 25...
Trace|Extracting palette...
Trace|Palette item 0: R 00, G 00, B 00, Transaparent color
Trace|Palette item 1: R 00, G 00, B 00
Trace|Palette item 2: R FF, G FF, B 00
Trace|Palette item 3: R 00, G FF, B 00
Trace|Palette item 4: R FF, G 00, B 00
Trace|Palette item 5: R 00, G 00, B FF
Trace|Palette item 6: R 00, G FF, B FF
Trace|Palette item 7: R FF, G FF, B FF
Trace|Palette item 8: R FF, G 00, B FF
Trace|Writing image header...
Trace|Width: 176, Height: 176, RowLength: 88
Trace|BPP: 4, PaletteColors: 9, Transaparency: 1
Trace|Writing palette...
Trace|Writing image...
Trace|Image 26 offset is 96112...
Debug|Encoding image 26...
Trace|Extracting palette...
Trace|Palette item 0: R 00, G 00, B 00, Transaparent color
Trace|Palette item 1: R FF, G FF, B FF
Trace|Palette item 2: R 00, G 00, B 00
Trace|Palette item 3: R FF, G 00, B 00
Trace|Palette item 4: R 00, G FF, B FF
Trace|Palette item 5: R FF, G FF, B 00
Trace|Palette item 6: R 00, G 00, B FF
Trace|Palette item 7: R FF, G 00, B FF
Trace|Palette item 8: R 00, G FF, B 00
Trace|Writing image header...
Trace|Width: 176, Height: 176, RowLength: 88
Trace|BPP: 4, PaletteColors: 9, Transaparency: 1
Trace|Writing palette...
Trace|Writing image...
Trace|Image 27 offset is 111652...
Debug|Encoding image 27...
Trace|Extracting palette...
Trace|Palette item 0: R 00, G 00, B 00, Transaparent color
Trace|Palette item 1: R FF, G FF, B FF
Trace|Palette item 2: R 00, G 00, B 00
Trace|Palette item 3: R FF, G FF, B 00
Trace|Palette item 4: R 00, G 00, B FF
Trace|Palette item 5: R FF, G 00, B 00
Trace|Palette item 6: R FF, G 00, B FF
Trace|Palette item 7: R 00, G FF, B 00
Trace|Palette item 8: R 00, G FF, B FF
Trace|Writing image header...
Trace|Width: 176, Height: 176, RowLength: 88
Trace|BPP: 4, PaletteColors: 9, Transaparency: 1
Trace|Writing palette...
Trace|Writing image...
Trace|Image 28 offset is 127192...
Debug|Encoding image 28...
Trace|Extracting palette...
Trace|Palette item 0: R 00, G 00, B 00, Transaparent color
Trace|Palette item 1: R FF, G FF, B FF
Trace|Palette item 2: R 00, G 00, B 00
Trace|Palette item 3: R FF, G 00, B 00
Trace|Palette item 4: R FF, G 00, B FF
Trace|Palette item 5: R 00, G FF, B 00
Trace|Palette item 6: R FF, G FF, B 00
Trace|Palette item 7: R 00, G 00, B FF
Trace|Palette item 8: R 00, G FF, B FF
Trace|Writing image header...
Trace|Width: 176, Height: 176, RowLength: 88
Trace|BPP: 4, PaletteColors: 9, Transaparency: 1
Trace|Writing palette...
Trace|Writing image...
Trace|Image 29 offset is 142732...
Debug|Encoding image 29...
Trace|Extracting palette...
Trace|Palette item 0: R 00, G 00, B 00, Transaparent color
Trace|Palette item 1: R FF, G FF, B FF
Trace|Palette item 2: R FF, G FF, B FF
Trace|Palette item 3: R 00, G 00, B 00
Trace|Palette item 4: R 00, G 00, B FF
Trace|Palette item 5: R 00, G 00, B FF
Trace|Palette item 6: R FF, G 00, B 00
Trace|Palette item 7: R FF, G FF, B 00
Trace|Palette item 8: R 00, G FF, B 00
Trace|Palette item 9: R FF, G 00, B FF
Trace|Palette item 10: R 00, G FF, B FF
Trace|Palette item 11: R FF, G 00, B 00
Trace|Writing image header...
Trace|Width: 176, Height: 176, RowLength: 88
Trace|BPP: 4, PaletteColors: 12, Transaparency: 1
Trace|Writing palette...
Trace|Writing image...
Trace|Image 30 offset is 158284...
Debug|Encoding image 30...
Trace|Extracting palette...
Trace|Palette item 0: R 00, G 00, B 00, Transaparent color
Trace|Palette item 1: R FF, G FF, B FF
Trace|Palette item 2: R FF, G FF, B 00
Trace|Palette item 3: R FF, G 00, B FF
Trace|Palette item 4: R 00, G 00, B FF
Trace|Palette item 5: R 00, G FF, B FF
Trace|Palette item 6: R 00, G FF, B 00
Trace|Palette item 7: R FF, G 00, B 00
Trace|Palette item 8: R 00, G 00, B 00
Trace|Writing image header...
Trace|Width: 176, Height: 176, RowLength: 88
Trace|BPP: 4, PaletteColors: 9, Transaparency: 1
Trace|Writing palette...
Trace|Writing image...
Trace|Image 31 offset is 173824...
Debug|Encoding image 31...
Trace|Extracting palette...
Trace|Palette item 0: R FF, G FF, B FF
Trace|Palette item 1: R 00, G 00, B 00
Trace|Writing image header...
Trace|Width: 6, Height: 13, RowLength: 1
Trace|BPP: 1, PaletteColors: 2, Transaparency: 0
Trace|Writing palette...
Trace|Writing image...
Trace|Image 32 offset is 173861...
Debug|Encoding image 32...
Trace|Extracting palette...
Trace|Palette item 0: R FF, G FF, B FF
Trace|Palette item 1: R 00, G 00, B 00
Trace|Writing image header...
Trace|Width: 6, Height: 13, RowLength: 1
Trace|BPP: 1, PaletteColors: 2, Transaparency: 0
Trace|Writing palette...
Trace|Writing image...
Trace|Image 33 offset is 173898...
Debug|Encoding image 33...
Trace|Extracting palette...
Trace|Palette item 0: R FF, G FF, B FF
Trace|Palette item 1: R 00, G 00, B 00
Trace|Writing image header...
Trace|Width: 6, Height: 13, RowLength: 1
Trace|BPP: 1, PaletteColors: 2, Transaparency: 0
Trace|Writing palette...
Trace|Writing image...
Trace|Image 34 offset is 173935...
Debug|Encoding image 34...
Trace|Extracting palette...
Trace|Palette item 0: R FF, G FF, B FF
Trace|Palette item 1: R 00, G 00, B 00
Trace|Writing image header...
Trace|Width: 6, Height: 13, RowLength: 1
Trace|BPP: 1, PaletteColors: 2, Transaparency: 0
Trace|Writing palette...
Trace|Writing image...
Trace|Image 35 offset is 173972...
Debug|Encoding image 35...
Trace|Extracting palette...
Trace|Palette item 0: R FF, G FF, B FF
Trace|Palette item 1: R 00, G 00, B 00
Trace|Writing image header...
Trace|Width: 7, Height: 13, RowLength: 1
Trace|BPP: 1, PaletteColors: 2, Transaparency: 0
Trace|Writing palette...
Trace|Writing image...
Trace|Image 36 offset is 174009...
Debug|Encoding image 36...
Trace|Extracting palette...
Trace|Palette item 0: R 00, G 00, B 00
Trace|Palette item 1: R FF, G FF, B FF
Trace|Writing image header...
Trace|Width: 6, Height: 13, RowLength: 1
Trace|BPP: 1, PaletteColors: 2, Transaparency: 0
Trace|Writing palette...
Trace|Writing image...
Trace|Image 37 offset is 174046...
Debug|Encoding image 37...
Trace|Extracting palette...
Trace|Palette item 0: R FF, G FF, B FF
Trace|Palette item 1: R 00, G 00, B 00
Trace|Writing image header...
Trace|Width: 6, Height: 13, RowLength: 1
Trace|BPP: 1, PaletteColors: 2, Transaparency: 0
Trace|Writing palette...
Trace|Writing image...
Trace|Image 38 offset is 174083...
Debug|Encoding image 38...
Trace|Extracting palette...
Trace|Palette item 0: R 00, G 00, B 00
Trace|Palette item 1: R FF, G FF, B FF
Trace|Writing image header...
Trace|Width: 6, Height: 13, RowLength: 1
Trace|BPP: 1, PaletteColors: 2, Transaparency: 0
Trace|Writing palette...
Trace|Writing image...
Trace|Image 39 offset is 174120...
Debug|Encoding image 39...
Trace|Extracting palette...
Trace|Palette item 0: R FF, G FF, B FF
Trace|Palette item 1: R 00, G 00, B 00
Trace|Writing image header...
Trace|Width: 6, Height: 13, RowLength: 1
Trace|BPP: 1, PaletteColors: 2, Transaparency: 0
Trace|Writing palette...
Trace|Writing image...
Trace|Image 40 offset is 174157...
Debug|Encoding image 40...
Trace|Extracting palette...
Trace|Palette item 0: R FF, G FF, B FF
Trace|Palette item 1: R 00, G 00, B 00
Trace|Writing image header...
Trace|Width: 6, Height: 13, RowLength: 1
Trace|BPP: 1, PaletteColors: 2, Transaparency: 0
Trace|Writing palette...
Trace|Writing image...
Trace|Image 41 offset is 174194...
Debug|Encoding image 41...
Trace|Extracting palette...
Trace|Palette item 0: R FF, G FF, B FF
Trace|Palette item 1: R 00, G 00, B FF
Trace|Writing image header...
Trace|Width: 6, Height: 13, RowLength: 1
Trace|BPP: 1, PaletteColors: 2, Transaparency: 0
Trace|Writing palette...
Trace|Writing image...
Trace|Image 42 offset is 174231...
Debug|Encoding image 42...
Trace|Extracting palette...
Trace|Palette item 0: R FF, G FF, B FF
Trace|Palette item 1: R 00, G 00, B FF
Trace|Writing image header...
Trace|Width: 6, Height: 13, RowLength: 1
Trace|BPP: 1, PaletteColors: 2, Transaparency: 0
Trace|Writing palette...
Trace|Writing image...
Trace|Image 43 offset is 174268...
Debug|Encoding image 43...
Trace|Extracting palette...
Trace|Palette item 0: R FF, G FF, B FF
Trace|Palette item 1: R 00, G 00, B FF
Trace|Writing image header...
Trace|Width: 6, Height: 13, RowLength: 1
Trace|BPP: 1, PaletteColors: 2, Transaparency: 0
Trace|Writing palette...
Trace|Writing image...
Trace|Image 44 offset is 174305...
Debug|Encoding image 44...
Trace|Extracting palette...
Trace|Palette item 0: R FF, G FF, B FF
Trace|Palette item 1: R 00, G 00, B FF
Trace|Writing image header...
Trace|Width: 6, Height: 13, RowLength: 1
Trace|BPP: 1, PaletteColors: 2, Transaparency: 0
Trace|Writing palette...
Trace|Writing image...
Trace|Image 45 offset is 174342...
Debug|Encoding image 45...
Trace|Extracting palette...
Trace|Palette item 0: R FF, G FF, B FF
Trace|Palette item 1: R 00, G 00, B FF
Trace|Writing image header...
Trace|Width: 7, Height: 13, RowLength: 1
Trace|BPP: 1, PaletteColors: 2, Transaparency: 0
Trace|Writing palette...
Trace|Writing image...
Trace|Image 46 offset is 174379...
Debug|Encoding image 46...
Trace|Extracting palette...
Trace|Palette item 0: R 00, G 00, B FF
Trace|Palette item 1: R FF, G FF, B FF
Trace|Writing image header...
Trace|Width: 6, Height: 13, RowLength: 1
Trace|BPP: 1, PaletteColors: 2, Transaparency: 0
Trace|Writing palette...
Trace|Writing image...
Trace|Image 47 offset is 174416...
Debug|Encoding image 47...
Trace|Extracting palette...
Trace|Palette item 0: R FF, G FF, B FF
Trace|Palette item 1: R 00, G 00, B FF
Trace|Writing image header...
Trace|Width: 6, Height: 13, RowLength: 1
Trace|BPP: 1, PaletteColors: 2, Transaparency: 0
Trace|Writing palette...
Trace|Writing image...
Trace|Image 48 offset is 174453...
Debug|Encoding image 48...
Trace|Extracting palette...
Trace|Palette item 0: R 00, G 00, B FF
Trace|Palette item 1: R FF, G FF, B FF
Trace|Writing image header...
Trace|Width: 6, Height: 13, RowLength: 1
Trace|BPP: 1, PaletteColors: 2, Transaparency: 0
Trace|Writing palette...
Trace|Writing image...
Trace|Image 49 offset is 174490...
Debug|Encoding image 49...
Trace|Extracting palette...
Trace|Palette item 0: R FF, G FF, B FF
Trace|Palette item 1: R 00, G 00, B FF
Trace|Writing image header...
Trace|Width: 6, Height: 13, RowLength: 1
Trace|BPP: 1, PaletteColors: 2, Transaparency: 0
Trace|Writing palette...
Trace|Writing image...
Trace|Image 50 offset is 174527...
Debug|Encoding image 50...
Trace|Extracting palette...
Trace|Palette item 0: R FF, G FF, B FF
Trace|Palette item 1: R 00, G 00, B FF
Trace|Writing image header...
Trace|Width: 6, Height: 13, RowLength: 1
Trace|BPP: 1, PaletteColors: 2, Transaparency: 0
Trace|Writing palette...
Trace|Writing image...
Trace|Image 51 offset is 174564...
Debug|Encoding image 51...
Trace|Extracting palette...
Trace|Palette item 0: R FF, G FF, B FF
Trace|Palette item 1: R 00, G 00, B 00
Trace|Writing image header...
Trace|Width: 32, Height: 16, RowLength: 4
Trace|BPP: 1, PaletteColors: 2, Transaparency: 0
Trace|Writing palette...
Trace|Writing image...
Trace|Image 52 offset is 174652...
Debug|Encoding image 52...
Trace|Extracting palette...
Trace|Palette item 0: R FF, G FF, B FF
Trace|Palette item 1: R 00, G 00, B 00
Trace|Writing image header...
Trace|Width: 28, Height: 16, RowLength: 4
Trace|BPP: 1, PaletteColors: 2, Transaparency: 0
Trace|Writing palette...
Trace|Writing image...
Trace|Image 53 offset is 174740...
Debug|Encoding image 53...
Trace|Extracting palette...
Trace|Palette item 0: R FF, G FF, B FF
Trace|Palette item 1: R 00, G 00, B 00
Trace|Writing image header...
Trace|Width: 36, Height: 16, RowLength: 5
Trace|BPP: 1, PaletteColors: 2, Transaparency: 0
Trace|Writing palette...
Trace|Writing image...
Trace|Image 54 offset is 174844...
Debug|Encoding image 54...
Trace|Extracting palette...
Trace|Palette item 0: R FF, G FF, B FF
Trace|Palette item 1: R 00, G 00, B 00
Trace|Writing image header...
Trace|Width: 36, Height: 16, RowLength: 5
Trace|BPP: 1, PaletteColors: 2, Transaparency: 0
Trace|Writing palette...
Trace|Writing image...
Trace|Image 55 offset is 174948...
Debug|Encoding image 55...
Trace|Extracting palette...
Trace|Palette item 0: R FF, G FF, B FF
Trace|Palette item 1: R 00, G 00, B 00
Trace|Writing image header...
Trace|Width: 35, Height: 16, RowLength: 5
Trace|BPP: 1, PaletteColors: 2, Transaparency: 0
Trace|Writing palette...
Trace|Writing image...
Trace|Image 56 offset is 175052...
Debug|Encoding image 56...
Trace|Extracting palette...
Trace|Palette item 0: R FF, G FF, B FF
Trace|Palette item 1: R 00, G 00, B 00
Trace|Writing image header...
Trace|Width: 37, Height: 16, RowLength: 5
Trace|BPP: 1, PaletteColors: 2, Transaparency: 0
Trace|Writing palette...
Trace|Writing image...
Trace|Image 57 offset is 175156...
Debug|Encoding image 57...
Trace|Extracting palette...
Trace|Palette item 0: R FF, G FF, B FF
Trace|Palette item 1: R 00, G 00, B 00
Trace|Writing image header...
Trace|Width: 38, Height: 15, RowLength: 5
Trace|BPP: 1, PaletteColors: 2, Transaparency: 0
Trace|Writing palette...
Trace|Writing image...
Trace|Image 58 offset is 175255...
Debug|Encoding image 58...
Trace|Extracting palette...
Trace|Palette item 0: R FF, G FF, B FF
Trace|Palette item 1: R 00, G 00, B 00
Trace|Writing image header...
Trace|Width: 12, Height: 14, RowLength: 2
Trace|BPP: 1, PaletteColors: 2, Transaparency: 0
Trace|Writing palette...
Trace|Writing image...
Trace|Image 59 offset is 175307...
Debug|Encoding image 59...
Trace|Extracting palette...
Trace|Palette item 0: R FF, G FF, B FF
Trace|Palette item 1: R 00, G 00, B 00
Trace|Palette item 2: R FF, G 00, B 00
Trace|Writing image header...
Trace|Width: 12, Height: 14, RowLength: 3
Trace|BPP: 2, PaletteColors: 3, Transaparency: 0
Trace|Writing palette...
Trace|Writing image...
Trace|Image 60 offset is 175377...
Debug|Encoding image 60...
Trace|Extracting palette...
Trace|Palette item 0: R FF, G FF, B FF
Trace|Palette item 1: R 00, G 00, B 00
Trace|Writing image header...
Trace|Width: 10, Height: 11, RowLength: 2
Trace|BPP: 1, PaletteColors: 2, Transaparency: 0
Trace|Writing palette...
Trace|Writing image...
Trace|Image 61 offset is 175423...
Debug|Encoding image 61...
Trace|Extracting palette...
Trace|Palette item 0: R FF, G FF, B FF
Trace|Palette item 1: R 00, G 00, B 00
Trace|Writing image header...
Trace|Width: 9, Height: 11, RowLength: 2
Trace|BPP: 1, PaletteColors: 2, Transaparency: 0
Trace|Writing palette...
Trace|Writing image...
Trace|Image 62 offset is 175469...
Debug|Encoding image 62...
Trace|Extracting palette...
Trace|Palette item 0: R 00, G 00, B 00
Trace|Palette item 1: R FF, G FF, B FF
Trace|Writing image header...
Trace|Width: 6, Height: 10, RowLength: 1
Trace|BPP: 1, PaletteColors: 2, Transaparency: 0
Trace|Writing palette...
Trace|Writing image...
Trace|Image 63 offset is 175503...
Debug|Encoding image 63...
Trace|Extracting palette...
Trace|Palette item 0: R FF, G FF, B FF
Trace|Palette item 1: R 00, G 00, B 00
Trace|Writing image header...
Trace|Width: 6, Height: 10, RowLength: 1
Trace|BPP: 1, PaletteColors: 2, Transaparency: 0
Trace|Writing palette...
Trace|Writing image...
Trace|Image 64 offset is 175537...
Debug|Encoding image 64...
Trace|Extracting palette...
Trace|Palette item 0: R 00, G 00, B 00
Trace|Palette item 1: R FF, G FF, B FF
Trace|Writing image header...
Trace|Width: 6, Height: 10, RowLength: 1
Trace|BPP: 1, PaletteColors: 2, Transaparency: 0
Trace|Writing palette...
Trace|Writing image...
Trace|Image 65 offset is 175571...
Debug|Encoding image 65...
Trace|Extracting palette...
Trace|Palette item 0: R 00, G 00, B 00
Trace|Palette item 1: R FF, G FF, B FF
Trace|Writing image header...
Trace|Width: 6, Height: 10, RowLength: 1
Trace|BPP: 1, PaletteColors: 2, Transaparency: 0
Trace|Writing palette...
Trace|Writing image...
Trace|Image 66 offset is 175605...
Debug|Encoding image 66...
Trace|Extracting palette...
Trace|Palette item 0: R 00, G 00, B 00
Trace|Palette item 1: R FF, G FF, B FF
Trace|Writing image header...
Trace|Width: 6, Height: 10, RowLength: 1
Trace|BPP: 1, PaletteColors: 2, Transaparency: 0
Trace|Writing palette...
Trace|Writing image...
Trace|Image 67 offset is 175639...
Debug|Encoding image 67...
Trace|Extracting palette...
Trace|Palette item 0: R 00, G 00, B 00
Trace|Palette item 1: R FF, G FF, B FF
Trace|Writing image header...
Trace|Width: 6, Height: 10, RowLength: 1
Trace|BPP: 1, PaletteColors: 2, Transaparency: 0
Trace|Writing palette...
Trace|Writing image...
Trace|Image 68 offset is 175673...
Debug|Encoding image 68...
Trace|Extracting palette...
Trace|Palette item 0: R 00, G 00, B 00
Trace|Palette item 1: R FF, G FF, B FF
Trace|Writing image header...
Trace|Width: 6, Height: 10, RowLength: 1
Trace|BPP: 1, PaletteColors: 2, Transaparency: 0
Trace|Writing palette...
Trace|Writing image...
Trace|Image 69 offset is 175707...
Debug|Encoding image 69...
Trace|Extracting palette...
Trace|Palette item 0: R 00, G 00, B 00
Trace|Palette item 1: R FF, G FF, B FF
Trace|Writing image header...
Trace|Width: 6, Height: 10, RowLength: 1
Trace|BPP: 1, PaletteColors: 2, Transaparency: 0
Trace|Writing palette...
Trace|Writing image...
Trace|Image 70 offset is 175741...
Debug|Encoding image 70...
Trace|Extracting palette...
Trace|Palette item 0: R 00, G 00, B 00
Trace|Palette item 1: R FF, G FF, B FF
Trace|Writing image header...
Trace|Width: 6, Height: 10, RowLength: 1
Trace|BPP: 1, PaletteColors: 2, Transaparency: 0
Trace|Writing palette...
Trace|Writing image...
Trace|Image 71 offset is 175775...
Debug|Encoding image 71...
Trace|Extracting palette...
Trace|Palette item 0: R 00, G 00, B 00
Trace|Palette item 1: R FF, G FF, B FF
Trace|Writing image header...
Trace|Width: 6, Height: 10, RowLength: 1
Trace|BPP: 1, PaletteColors: 2, Transaparency: 0
Trace|Writing palette...
Trace|Writing image...
Trace|Image 72 offset is 175809...
Debug|Encoding image 72...
Trace|Extracting palette...
Trace|Palette item 0: R FF, G 00, B 00
Trace|Palette item 1: R FF, G FF, B FF
Trace|Writing image header...
Trace|Width: 20, Height: 10, RowLength: 3
Trace|BPP: 1, PaletteColors: 2, Transaparency: 0
Trace|Writing palette...
Trace|Writing image...
Trace|Image 73 offset is 175863...
Debug|Encoding image 73...
Trace|Extracting palette...
Trace|Palette item 0: R FF, G 00, B FF
Trace|Palette item 1: R FF, G FF, B FF
Trace|Writing image header...
Trace|Width: 20, Height: 10, RowLength: 3
Trace|BPP: 1, PaletteColors: 2, Transaparency: 0
Trace|Writing palette...
Trace|Writing image...
Trace|Image 74 offset is 175917...
Debug|Encoding image 74...
Trace|Extracting palette...
Trace|Palette item 0: R 00, G 00, B 00
Trace|Palette item 1: R FF, G FF, B FF
Trace|Writing image header...
Trace|Width: 20, Height: 10, RowLength: 3
Trace|BPP: 1, PaletteColors: 2, Transaparency: 0
Trace|Writing palette...
Trace|Writing image...
Trace|Image 75 offset is 175971...
Debug|Encoding image 75...
Trace|Extracting palette...
Trace|Palette item 0: R 00, G 00, B 00
Trace|Palette item 1: R FF, G FF, B FF
Trace|Writing image header...
Trace|Width: 20, Height: 10, RowLength: 3
Trace|BPP: 1, PaletteColors: 2, Transaparency: 0
Trace|Writing palette...
Trace|Writing image...
Trace|Image 76 offset is 176025...
Debug|Encoding image 76...
Trace|Extracting palette...
Trace|Palette item 0: R 00, G 00, B 00
Trace|Palette item 1: R FF, G FF, B FF
Trace|Writing image header...
Trace|Width: 20, Height: 10, RowLength: 3
Trace|BPP: 1, PaletteColors: 2, Transaparency: 0
Trace|Writing palette...
Trace|Writing image...
Trace|Image 77 offset is 176079...
Debug|Encoding image 77...
Trace|Extracting palette...
Trace|Palette item 0: R 00, G 00, B 00
Trace|Palette item 1: R FF, G FF, B FF
Trace|Writing image header...
Trace|Width: 20, Height: 10, RowLength: 3
Trace|BPP: 1, PaletteColors: 2, Transaparency: 0
Trace|Writing palette...
Trace|Writing image...
Trace|Writing images offsets table
Debug|Writing images
